<?xml version="1.0" encoding="UTF-8"?>
<robot generator="Robot 4.0a2.dev1 (Python 3.8.5 on win32)" generated="20201028 14:04:22.841" rpa="false">
<suite id="s1" name="Demo" source="D:\leisureGit\python\robot-selenium\demo.robot">
<test id="s1-t1" name="Valid Login">
<kw name="Open Browser To Login Page">
<kw name="Open Browser" library="SeleniumLibrary">
<doc>Opens a new browser instance to the optional ``url``.</doc>
<arguments>
<arg>${LOGIN URL}</arg>
<arg>${BROWSER}</arg>
</arguments>
<msg timestamp="20201028 14:04:23.108" level="INFO">Opening browser 'Chrome' to base url 'http://localhost:5000'.</msg>
<status status="PASS" starttime="20201028 14:04:23.107" endtime="20201028 14:04:26.679"></status>
</kw>
<kw name="Title Should Be" library="SeleniumLibrary">
<doc>Verifies that the current page title equals ``title``.</doc>
<arguments>
<arg>Welcome to FlaskTaskr</arg>
</arguments>
<msg timestamp="20201028 14:04:26.686" level="INFO">Page title is 'Welcome to FlaskTaskr'.</msg>
<status status="PASS" starttime="20201028 14:04:26.679" endtime="20201028 14:04:26.686"></status>
</kw>
<status status="PASS" starttime="20201028 14:04:23.107" endtime="20201028 14:04:26.686"></status>
</kw>
<kw name="Capture Page Screenshot" library="SeleniumLibrary">
<doc>Takes a screenshot of the current page and embeds it into a log file.</doc>
<arguments>
<arg>D:/good/test.png</arg>
</arguments>
<msg timestamp="20201028 14:04:26.998" level="INFO" html="yes">&lt;/td&gt;&lt;/tr&gt;&lt;tr&gt;&lt;td colspan="3"&gt;&lt;a href="../../../good/test.png"&gt;&lt;img src="../../../good/test.png" width="800px"&gt;&lt;/a&gt;</msg>
<status status="PASS" starttime="20201028 14:04:26.687" endtime="20201028 14:04:26.998"></status>
</kw>
<kw name="Input Username">
<arguments>
<arg>admin</arg>
</arguments>
<kw name="Input Text" library="SeleniumLibrary">
<doc>Types the given ``text`` into the text field identified by ``locator``.</doc>
<arguments>
<arg>username</arg>
<arg>${username}</arg>
</arguments>
<msg timestamp="20201028 14:04:26.999" level="INFO">Typing text 'admin' into text field 'username'.</msg>
<status status="PASS" starttime="20201028 14:04:26.999" endtime="20201028 14:04:27.114"></status>
</kw>
<status status="PASS" starttime="20201028 14:04:26.999" endtime="20201028 14:04:27.114"></status>
</kw>
<kw name="Input Password">
<arguments>
<arg>admin</arg>
</arguments>
<kw name="Input Text" library="SeleniumLibrary">
<doc>Types the given ``text`` into the text field identified by ``locator``.</doc>
<arguments>
<arg>password</arg>
<arg>${password}</arg>
</arguments>
<msg timestamp="20201028 14:04:27.115" level="INFO">Typing text 'admin' into text field 'password'.</msg>
<status status="PASS" starttime="20201028 14:04:27.115" endtime="20201028 14:04:27.199"></status>
</kw>
<status status="PASS" starttime="20201028 14:04:27.114" endtime="20201028 14:04:27.199"></status>
</kw>
<kw name="Submit Credentials">
<kw name="Click Button" library="SeleniumLibrary">
<doc>Clicks the button identified by ``locator``.</doc>
<arguments>
<arg>Login</arg>
</arguments>
<msg timestamp="20201028 14:04:27.202" level="INFO">Clicking button 'Login'.</msg>
<status status="PASS" starttime="20201028 14:04:27.201" endtime="20201028 14:04:27.620"></status>
</kw>
<status status="PASS" starttime="20201028 14:04:27.201" endtime="20201028 14:04:27.620"></status>
</kw>
<kw name="Welcome Page Should Be Open">
<kw name="Title Should Be" library="SeleniumLibrary">
<doc>Verifies that the current page title equals ``title``.</doc>
<arguments>
<arg>Welcome to FlaskTaskr</arg>
</arguments>
<msg timestamp="20201028 14:04:27.626" level="INFO">Page title is 'Welcome to FlaskTaskr'.</msg>
<status status="PASS" starttime="20201028 14:04:27.622" endtime="20201028 14:04:27.626"></status>
</kw>
<status status="PASS" starttime="20201028 14:04:27.621" endtime="20201028 14:04:27.626"></status>
</kw>
<kw name="Close Browser" library="SeleniumLibrary" type="teardown">
<doc>Closes the current browser.</doc>
<status status="PASS" starttime="20201028 14:04:27.627" endtime="20201028 14:04:29.935"></status>
</kw>
<status status="PASS" starttime="20201028 14:04:23.106" endtime="20201028 14:04:29.935"></status>
</test>
<doc>Simple example using SeleniumLibrary.</doc>
<status status="PASS" starttime="20201028 14:04:22.843" endtime="20201028 14:04:29.937"></status>
</suite>
<statistics>
<total>
<stat pass="1" fail="0" skip="0">All Tests</stat>
</total>
<tag>
</tag>
<suite>
<stat pass="1" fail="0" skip="0" id="s1" name="Demo">Demo</stat>
</suite>
</statistics>
<errors>
</errors>
</robot>
